<?xml version="1.0" encoding="UTF-8"?>
<!-- Generated by org.testng.reporters.JUnitXMLReporter -->
<testsuite ignored="0" hostname="DESKTOP-UVIULNA" failures="0" tests="4" name="Test" time="26.841" errors="0" timestamp="2026-06-15T15:51:13 IST">
  <testcase classname="com.tests.ApiValidationTest" name="f" time="3.695"/>
  <testcase classname="com.tests.SeleniumTest" name="f" time="21.313"/>
  <testcase classname="com.tests.GetUserTest" name="f" time="0.29"/>
  <testcase classname="com.tests.CreateUserTest" name="f" time="1.466"/>
</testsuite> <!-- Test -->
