<?xml version="1.0" encoding="UTF-8"?>
<testng-results ignored="0" total="1" passed="1" failed="0" skipped="0">
  <reporter-output>
  </reporter-output>
  <suite started-at="2026-06-22T08:39:01 IST" name="Default suite" finished-at="2026-06-22T08:39:05 IST" duration-ms="4196">
    <groups>
    </groups>
    <test started-at="2026-06-22T08:39:01 IST" name="Default test" finished-at="2026-06-22T08:39:05 IST" duration-ms="4196">
      <class name="com.tests.GetAll_Institution">
        <test-method signature="f()[pri:0, instance:com.tests.GetAll_Institution@1500b2f3]" started-at="2026-06-22T08:39:01 IST" name="f" finished-at="2026-06-22T08:39:05 IST" duration-ms="3956" status="PASS">
          <reporter-output>
          </reporter-output>
        </test-method> <!-- f -->
      </class> <!-- com.tests.GetAll_Institution -->
    </test> <!-- Default test -->
  </suite> <!-- Default suite -->
</testng-results>
