<?xml version="1.0" encoding="UTF-8"?>
<!-- Generated by org.testng.reporters.JUnitXMLReporter -->
<testsuite ignored="0" hostname="DESKTOP-UVIULNA" failures="0" tests="6" name="Default test" time="17.882" errors="0" timestamp="2026-06-22T20:42:34 IST">
  <testcase classname="com.tests.GetRoleTest" name="getRoleTest" time="9.612"/>
  <testcase classname="com.tests.GetRoleTest" name="getRolewithoutToken" time="1.059"/>
  <testcase classname="com.tests.Login_onrenderTest" name="invalidEmailLogin" time="2.189"/>
  <testcase classname="com.tests.Login_onrenderTest" name="invalidLogin" time="0.526"/>
  <testcase classname="com.tests.Login_onrenderTest" name="invalidpasswordLogin" time="4.27"/>
  <testcase classname="com.tests.Login_onrenderTest" name="validLogin" time="0.006"/>
</testsuite> <!-- Default test -->
