<?xml version="1.0" encoding="UTF-8"?>
<!-- Generated by org.testng.reporters.JUnitReportReporter -->
<testsuite hostname="DESKTOP-UVIULNA" failures="0" tests="4" name="com.tests.Login_onrenderTest" time="17.848" errors="0" timestamp="2026-06-22T20:30:58 IST" skipped="0">
  <testcase classname="com.tests.Login_onrenderTest" name="invalidpasswordLogin" time="4.864"/>
  <testcase classname="com.tests.Login_onrenderTest" name="validLogin" time="6.459"/>
  <testcase classname="com.tests.Login_onrenderTest" name="invalidEmailLogin" time="4.939"/>
  <testcase classname="com.tests.Login_onrenderTest" name="invalidLogin" time="1.586"/>
</testsuite> <!-- com.tests.Login_onrenderTest -->
