<?xml version="1.0" encoding="UTF-8"?>
<!-- Generated by org.testng.reporters.JUnitReportReporter -->
<testsuite hostname="DESKTOP-UVIULNA" failures="0" tests="6" name="com.tests.GetRoleTest" time="17.662" errors="0" timestamp="2026-06-22T20:42:34 IST" skipped="0">
  <testcase classname="com.tests.GetRoleTest" name="getRoleTest" time="9.612"/>
  <testcase classname="com.tests.GetRoleTest" name="getRolewithoutToken" time="1.059"/>
  <testcase classname="com.tests.GetRoleTest" name="invalidLogin" time="0.526"/>
  <testcase classname="com.tests.GetRoleTest" name="validLogin" time="0.006"/>
  <testcase classname="com.tests.GetRoleTest" name="invalidEmailLogin" time="2.189"/>
  <testcase classname="com.tests.GetRoleTest" name="invalidpasswordLogin" time="4.270"/>
</testsuite> <!-- com.tests.GetRoleTest -->
